0 info it worked if it ends with ok
1 verbose cli [ '/usr/local/bin/node', '/usr/local/bin/npm', 'publish' ]
2 info using npm@4.0.3
3 info using node@v5.1.0
4 verbose publish [ '.' ]
5 silly cache add args [ '.', null ]
6 verbose cache add spec .
7 silly cache add parsed spec Result {
7 silly cache add   raw: '.',
7 silly cache add   scope: null,
7 silly cache add   escapedName: null,
7 silly cache add   name: null,
7 silly cache add   rawSpec: '.',
7 silly cache add   spec: '/Users/carles/Desktop/Programming/ng2-alt-summernote',
7 silly cache add   type: 'directory' }
8 verbose addLocalDirectory /Users/carles/.npm/ng2-alt-summernote/1.0.0/package.tgz not in flight; packing
9 verbose correctMkdir /Users/carles/.npm correctMkdir not in flight; initializing
10 info lifecycle ng2-alt-summernote@1.0.0~prepublish: ng2-alt-summernote@1.0.0
11 silly lifecycle ng2-alt-summernote@1.0.0~prepublish: no script for prepublish, continuing
12 info lifecycle ng2-alt-summernote@1.0.0~prepare: ng2-alt-summernote@1.0.0
13 silly lifecycle ng2-alt-summernote@1.0.0~prepare: no script for prepare, continuing
14 verbose tar pack [ '/Users/carles/.npm/ng2-alt-summernote/1.0.0/package.tgz',
14 verbose tar pack   '/Users/carles/Desktop/Programming/ng2-alt-summernote' ]
15 verbose tarball /Users/carles/.npm/ng2-alt-summernote/1.0.0/package.tgz
16 verbose folder /Users/carles/Desktop/Programming/ng2-alt-summernote
17 verbose addLocalTarball adding from inside cache /Users/carles/.npm/ng2-alt-summernote/1.0.0/package.tgz
18 verbose correctMkdir /Users/carles/.npm correctMkdir not in flight; initializing
19 silly cache afterAdd ng2-alt-summernote@1.0.0
20 verbose afterAdd /Users/carles/.npm/ng2-alt-summernote/1.0.0/package/package.json not in flight; writing
21 verbose correctMkdir /Users/carles/.npm correctMkdir not in flight; initializing
22 verbose afterAdd /Users/carles/.npm/ng2-alt-summernote/1.0.0/package/package.json written
23 silly publish { name: 'ng2-alt-summernote',
23 silly publish   version: '1.0.0',
23 silly publish   description: 'Summernote extension for Angular2',
23 silly publish   main: 'index.ts',
23 silly publish   repository:
23 silly publish    { type: 'git',
23 silly publish      url: 'git+https://github.com/carlescs/ng2-alt-summernote.git' },
23 silly publish   scripts: { test: 'echo "Error: no test specified" && exit 1' },
23 silly publish   author: '',
23 silly publish   license: 'ISC',
23 silly publish   dependencies:
23 silly publish    { jquery: '3.1.1',
23 silly publish      '@angular/common': '^2.4.1',
23 silly publish      '@angular/compiler': '^2.4.1',
23 silly publish      '@angular/core': '^2.4.1',
23 silly publish      '@angular/http': '^2.4.1',
23 silly publish      '@angular/forms': '^2.4.1',
23 silly publish      '@angular/platform-browser': '^2.4.1',
23 silly publish      '@angular/platform-browser-dynamic': '^2.4.1',
23 silly publish      '@angular/router': '^3.4.1',
23 silly publish      rxjs: '^5.0.1',
23 silly publish      'zone.js': '^0.7.2',
23 silly publish      'reflect-metadata': '^0.1.9',
23 silly publish      'core-js': '^2.4.1' },
23 silly publish   devDependencies: { '@types/jquery': '^2.0.34', '@types/core-js': '^0.9.35' },
23 silly publish   gitHead: '4ee8c59d2dcffd68ef6e341d6db3bc62c4b5aeea',
23 silly publish   bugs: { url: 'https://github.com/carlescs/ng2-alt-summernote/issues' },
23 silly publish   readme: 'ERROR: No README data found!',
23 silly publish   homepage: 'https://github.com/carlescs/ng2-alt-summernote#readme',
23 silly publish   _id: 'ng2-alt-summernote@1.0.0',
23 silly publish   _shasum: '76a098e892340060b8742da890af8ac6c311b89d',
23 silly publish   _from: '.' }
24 info lifecycle ng2-alt-summernote@1.0.0~prepublishOnly: ng2-alt-summernote@1.0.0
25 silly lifecycle ng2-alt-summernote@1.0.0~prepublishOnly: no script for prepublishOnly, continuing
26 verbose getPublishConfig undefined
27 silly mapToRegistry name ng2-alt-summernote
28 silly mapToRegistry using default registry
29 silly mapToRegistry registry https://registry.npmjs.org/
30 silly mapToRegistry data Result {
30 silly mapToRegistry   raw: 'ng2-alt-summernote',
30 silly mapToRegistry   scope: null,
30 silly mapToRegistry   escapedName: 'ng2-alt-summernote',
30 silly mapToRegistry   name: 'ng2-alt-summernote',
30 silly mapToRegistry   rawSpec: '',
30 silly mapToRegistry   spec: 'latest',
30 silly mapToRegistry   type: 'tag' }
31 silly mapToRegistry uri https://registry.npmjs.org/ng2-alt-summernote
32 verbose publish registryBase https://registry.npmjs.org/
33 silly publish uploading /Users/carles/.npm/ng2-alt-summernote/1.0.0/package.tgz
34 verbose stack Error: auth required for publishing
34 verbose stack     at CachingRegistryClient.publish (/usr/local/lib/node_modules/npm/node_modules/npm-registry-client/lib/publish.js:30:14)
34 verbose stack     at /usr/local/lib/node_modules/npm/lib/publish.js:137:14
34 verbose stack     at mapToRegistry (/usr/local/lib/node_modules/npm/lib/utils/map-to-registry.js:62:3)
34 verbose stack     at publish_ (/usr/local/lib/node_modules/npm/lib/publish.js:108:3)
34 verbose stack     at Array.<anonymous> (/usr/local/lib/node_modules/npm/node_modules/slide/lib/bind-actor.js:15:8)
34 verbose stack     at LOOP (/usr/local/lib/node_modules/npm/node_modules/slide/lib/chain.js:15:14)
34 verbose stack     at /usr/local/lib/node_modules/npm/node_modules/slide/lib/chain.js:18:7
34 verbose stack     at done (/usr/local/lib/node_modules/npm/lib/utils/lifecycle.js:132:5)
34 verbose stack     at LOOP (/usr/local/lib/node_modules/npm/node_modules/slide/lib/chain.js:7:26)
34 verbose stack     at /usr/local/lib/node_modules/npm/node_modules/slide/lib/chain.js:18:7
35 verbose cwd /Users/carles/Desktop/Programming/ng2-alt-summernote
36 error Darwin 16.3.0
37 error argv "/usr/local/bin/node" "/usr/local/bin/npm" "publish"
38 error node v5.1.0
39 error npm  v4.0.3
40 error code ENEEDAUTH
41 error need auth auth required for publishing
42 error need auth You need to authorize this machine using `npm adduser`
43 verbose exit [ 1, true ]
